# JRE version: Java(TM) SE Runtime Environment (8.0_144-b01) (build 1.8.0_144-b01)
# Java VM: Java HotSpot(TM) 64-Bit Server VM (25.144-b01 mixed mode windows-amd64 compressed oops)
Heap:
 PSYoungGen      total 37376K, used 13509K [0x00000000d6e00000, 0x00000000db580000, 0x0000000100000000)
  eden space 30208K, 44% used [0x00000000d6e00000,0x00000000d7b31518,0x00000000d8b80000)
  from space 7168K, 0% used [0x00000000d8c00000,0x00000000d8c00000,0x00000000d9300000)
  to   space 21504K, 0% used [0x00000000da080000,0x00000000da080000,0x00000000db580000)
 ParOldGen       total 96256K, used 28244K [0x0000000084a00000, 0x000000008a800000, 0x00000000d6e00000)
  object space 96256K, 29% used [0x0000000084a00000,0x00000000865953c8,0x000000008a800000)
 Metaspace       used 35558K, capacity 36032K, committed 36312K, reserved 1081344K
  class space    used 4355K, capacity 4493K, committed 4608K, reserved 1048576K
GC Heap History (10 events):
Event: 24.957 GC heap before
{Heap before GC invocations=5 (full 1):
 PSYoungGen      total 36864K, used 31744K [0x00000000d6e00000, 0x00000000db180000, 0x0000000100000000)
  eden space 31744K, 100% used [0x00000000d6e00000,0x00000000d8d00000,0x00000000d8d00000)
  from space 5120K, 0% used [0x00000000d8d00000,0x00000000d8d00000,0x00000000d9200000)
  to   space 5120K, 0% used [0x00000000dac80000,0x00000000dac80000,0x00000000db180000)
 ParOldGen       total 94720K, used 22421K [0x0000000084a00000, 0x000000008a680000, 0x00000000d6e00000)
  object space 94720K, 23% used [0x0000000084a00000,0x0000000085fe56c0,0x000000008a680000)
 Metaspace       used 24365K, capacity 24778K, committed 25088K, reserved 1071104K
  class space    used 3101K, capacity 3220K, committed 3328K, reserved 1048576K
Event: 24.964 GC heap after
Heap after GC invocations=5 (full 1):
 PSYoungGen      total 36352K, used 4327K [0x00000000d6e00000, 0x00000000db100000, 0x0000000100000000)
  eden space 31744K, 0% used [0x00000000d6e00000,0x00000000d6e00000,0x00000000d8d00000)
  from space 4608K, 93% used [0x00000000dac80000,0x00000000db0b9ce0,0x00000000db100000)
  to   space 5120K, 0% used [0x00000000da700000,0x00000000da700000,0x00000000dac00000)
 ParOldGen       total 94720K, used 22421K [0x0000000084a00000, 0x000000008a680000, 0x00000000d6e00000)
  object space 94720K, 23% used [0x0000000084a00000,0x0000000085fe56c0,0x000000008a680000)
 Metaspace       used 24365K, capacity 24778K, committed 25088K, reserved 1071104K
  class space    used 3101K, capacity 3220K, committed 3328K, reserved 1048576K
}
Event: 25.444 GC heap before
{Heap before GC invocations=6 (full 1):
 PSYoungGen      total 36352K, used 36071K [0x00000000d6e00000, 0x00000000db100000, 0x0000000100000000)
  eden space 31744K, 100% used [0x00000000d6e00000,0x00000000d8d00000,0x00000000d8d00000)
  from space 4608K, 93% used [0x00000000dac80000,0x00000000db0b9ce0,0x00000000db100000)
  to   space 5120K, 0% used [0x00000000da700000,0x00000000da700000,0x00000000dac00000)
 ParOldGen       total 94720K, used 22421K [0x0000000084a00000, 0x000000008a680000, 0x00000000d6e00000)
  object space 94720K, 23% used [0x0000000084a00000,0x0000000085fe56c0,0x000000008a680000)
 Metaspace       used 29590K, capacity 30020K, committed 30208K, reserved 1075200K
  class space    used 3715K, capacity 3833K, committed 3840K, reserved 1048576K
Event: 25.448 GC heap after
Heap after GC invocations=6 (full 1):
 PSYoungGen      total 36352K, used 5110K [0x00000000d6e00000, 0x00000000dba80000, 0x0000000100000000)
  eden space 31232K, 0% used [0x00000000d6e00000,0x00000000d6e00000,0x00000000d8c80000)
  from space 5120K, 99% used [0x00000000da700000,0x00000000dabfd948,0x00000000dac00000)
  to   space 14848K, 0% used [0x00000000dac00000,0x00000000dac00000,0x00000000dba80000)
 ParOldGen       total 94720K, used 23155K [0x0000000084a00000, 0x000000008a680000, 0x00000000d6e00000)
  object space 94720K, 24% used [0x0000000084a00000,0x000000008609ccd0,0x000000008a680000)
 Metaspace       used 29590K, capacity 30020K, committed 30208K, reserved 1075200K
  class space    used 3715K, capacity 3833K, committed 3840K, reserved 1048576K
}
Event: 143.166 GC heap before
{Heap before GC invocations=7 (full 1):
 PSYoungGen      total 36352K, used 36342K [0x00000000d6e00000, 0x00000000dba80000, 0x0000000100000000)
  eden space 31232K, 100% used [0x00000000d6e00000,0x00000000d8c80000,0x00000000d8c80000)
  from space 5120K, 99% used [0x00000000da700000,0x00000000dabfd948,0x00000000dac00000)
  to   space 14848K, 0% used [0x00000000dac00000,0x00000000dac00000,0x00000000dba80000)
 ParOldGen       total 94720K, used 23155K [0x0000000084a00000, 0x000000008a680000, 0x00000000d6e00000)
  object space 94720K, 24% used [0x0000000084a00000,0x000000008609ccd0,0x000000008a680000)
 Metaspace       used 32540K, capacity 33032K, committed 33408K, reserved 1079296K
  class space    used 4061K, capacity 4163K, committed 4224K, reserved 1048576K
Event: 143.190 GC heap after
Heap after GC invocations=7 (full 1):
 PSYoungGen      total 44032K, used 5659K [0x00000000d6e00000, 0x00000000db900000, 0x0000000100000000)
  eden space 30720K, 0% used [0x00000000d6e00000,0x00000000d6e00000,0x00000000d8c00000)
  from space 13312K, 42% used [0x00000000dac00000,0x00000000db186fc0,0x00000000db900000)
  to   space 23040K, 0% used [0x00000000d8c00000,0x00000000d8c00000,0x00000000da280000)
 ParOldGen       total 94720K, used 23171K [0x0000000084a00000, 0x000000008a680000, 0x00000000d6e00000)
  object space 94720K, 24% used [0x0000000084a00000,0x00000000860a0cd0,0x000000008a680000)
 Metaspace       used 32540K, capacity 33032K, committed 33408K, reserved 1079296K
  class space    used 4061K, capacity 4163K, committed 4224K, reserved 1048576K
}
Event: 159.516 GC heap before
{Heap before GC invocations=8 (full 1):
 PSYoungGen      total 44032K, used 29886K [0x00000000d6e00000, 0x00000000db900000, 0x0000000100000000)
  eden space 30720K, 78% used [0x00000000d6e00000,0x00000000d85a8b30,0x00000000d8c00000)
  from space 13312K, 42% used [0x00000000dac00000,0x00000000db186fc0,0x00000000db900000)
  to   space 23040K, 0% used [0x00000000d8c00000,0x00000000d8c00000,0x00000000da280000)
 ParOldGen       total 94720K, used 23171K [0x0000000084a00000, 0x000000008a680000, 0x00000000d6e00000)
  object space 94720K, 24% used [0x0000000084a00000,0x00000000860a0cd0,0x000000008a680000)
 Metaspace       used 34774K, capacity 35244K, committed 35416K, reserved 1081344K
  class space    used 4292K, capacity 4425K, committed 4480K, reserved 1048576K
Event: 159.523 GC heap after
Heap after GC invocations=8 (full 1):
 PSYoungGen      total 37376K, used 6770K [0x00000000d6e00000, 0x00000000db580000, 0x0000000100000000)
  eden space 30208K, 0% used [0x00000000d6e00000,0x00000000d6e00000,0x00000000d8b80000)
  from space 7168K, 94% used [0x00000000d8c00000,0x00000000d929c918,0x00000000d9300000)
  to   space 21504K, 0% used [0x00000000da080000,0x00000000da080000,0x00000000db580000)
 ParOldGen       total 94720K, used 23179K [0x0000000084a00000, 0x000000008a680000, 0x00000000d6e00000)
  object space 94720K, 24% used [0x0000000084a00000,0x00000000860a2cd0,0x000000008a680000)
 Metaspace       used 34774K, capacity 35244K, committed 35416K, reserved 1081344K
  class space    used 4292K, capacity 4425K, committed 4480K, reserved 1048576K
}
Event: 159.523 GC heap before
{Heap before GC invocations=9 (full 2):
 PSYoungGen      total 37376K, used 6770K [0x00000000d6e00000, 0x00000000db580000, 0x0000000100000000)
  eden space 30208K, 0% used [0x00000000d6e00000,0x00000000d6e00000,0x00000000d8b80000)
  from space 7168K, 94% used [0x00000000d8c00000,0x00000000d929c918,0x00000000d9300000)
  to   space 21504K, 0% used [0x00000000da080000,0x00000000da080000,0x00000000db580000)
 ParOldGen       total 94720K, used 23179K [0x0000000084a00000, 0x000000008a680000, 0x00000000d6e00000)
  object space 94720K, 24% used [0x0000000084a00000,0x00000000860a2cd0,0x000000008a680000)
 Metaspace       used 34774K, capacity 35244K, committed 35416K, reserved 1081344K
  class space    used 4292K, capacity 4425K, committed 4480K, reserved 1048576K
Event: 159.607 GC heap after
Heap after GC invocations=9 (full 2):
 PSYoungGen      total 37376K, used 0K [0x00000000d6e00000, 0x00000000db580000, 0x0000000100000000)
  eden space 30208K, 0% used [0x00000000d6e00000,0x00000000d6e00000,0x00000000d8b80000)
  from space 7168K, 0% used [0x00000000d8c00000,0x00000000d8c00000,0x00000000d9300000)
  to   space 21504K, 0% used [0x00000000da080000,0x00000000da080000,0x00000000db580000)
 ParOldGen       total 96256K, used 28244K [0x0000000084a00000, 0x000000008a800000, 0x00000000d6e00000)
  object space 96256K, 29% used [0x0000000084a00000,0x00000000865953c8,0x000000008a800000)
 Metaspace       used 34774K, capacity 35244K, committed 35416K, reserved 1081344K
  class space    used 4292K, capacity 4425K, committed 4480K, reserved 1048576K
}

