# JRE version: Java(TM) SE Runtime Environment (8.0_144-b01) (build 1.8.0_144-b01)
# Java VM: Java HotSpot(TM) 64-Bit Server VM (25.144-b01 mixed mode windows-amd64 compressed oops)
Heap:
 PSYoungGen      total 35328K, used 27428K [0x00000000d6e00000, 0x00000000db000000, 0x0000000100000000)
  eden space 31744K, 75% used [0x00000000d6e00000,0x00000000d8570138,0x00000000d8d00000)
  from space 3584K, 95% used [0x00000000dac80000,0x00000000dafd8ef0,0x00000000db000000)
  to   space 5120K, 0% used [0x00000000da600000,0x00000000da600000,0x00000000dab00000)
 ParOldGen       total 86528K, used 21895K [0x0000000084a00000, 0x0000000089e80000, 0x00000000d6e00000)
  object space 86528K, 25% used [0x0000000084a00000,0x0000000085f61cb8,0x0000000089e80000)
 Metaspace       used 26363K, capacity 26758K, committed 27008K, reserved 1073152K
  class space    used 3347K, capacity 3446K, committed 3456K, reserved 1048576K
GC Heap History (10 events):
Event: 0.769 GC heap before
{Heap before GC invocations=1 (full 0):
 PSYoungGen      total 36864K, used 31744K [0x00000000d6e00000, 0x00000000d9700000, 0x0000000100000000)
  eden space 31744K, 100% used [0x00000000d6e00000,0x00000000d8d00000,0x00000000d8d00000)
  from space 5120K, 0% used [0x00000000d9200000,0x00000000d9200000,0x00000000d9700000)
  to   space 5120K, 0% used [0x00000000d8d00000,0x00000000d8d00000,0x00000000d9200000)
 ParOldGen       total 84992K, used 0K [0x0000000084a00000, 0x0000000089d00000, 0x00000000d6e00000)
  object space 84992K, 0% used [0x0000000084a00000,0x0000000084a00000,0x0000000089d00000)
 Metaspace       used 13767K, capacity 13930K, committed 14208K, reserved 1060864K
  class space    used 1726K, capacity 1803K, committed 1920K, reserved 1048576K
Event: 0.777 GC heap after
Heap after GC invocations=1 (full 0):
 PSYoungGen      total 36864K, used 3915K [0x00000000d6e00000, 0x00000000db600000, 0x0000000100000000)
  eden space 31744K, 0% used [0x00000000d6e00000,0x00000000d6e00000,0x00000000d8d00000)
  from space 5120K, 76% used [0x00000000d8d00000,0x00000000d90d2dc8,0x00000000d9200000)
  to   space 5120K, 0% used [0x00000000db100000,0x00000000db100000,0x00000000db600000)
 ParOldGen       total 84992K, used 24316K [0x0000000084a00000, 0x0000000089d00000, 0x00000000d6e00000)
  object space 84992K, 28% used [0x0000000084a00000,0x00000000861bf030,0x0000000089d00000)
 Metaspace       used 13767K, capacity 13930K, committed 14208K, reserved 1060864K
  class space    used 1726K, capacity 1803K, committed 1920K, reserved 1048576K
}
Event: 6.317 GC heap before
{Heap before GC invocations=2 (full 0):
 PSYoungGen      total 36864K, used 32207K [0x00000000d6e00000, 0x00000000db600000, 0x0000000100000000)
  eden space 31744K, 89% used [0x00000000d6e00000,0x00000000d89a0f98,0x00000000d8d00000)
  from space 5120K, 76% used [0x00000000d8d00000,0x00000000d90d2dc8,0x00000000d9200000)
  to   space 5120K, 0% used [0x00000000db100000,0x00000000db100000,0x00000000db600000)
 ParOldGen       total 84992K, used 24316K [0x0000000084a00000, 0x0000000089d00000, 0x00000000d6e00000)
  object space 84992K, 28% used [0x0000000084a00000,0x00000000861bf030,0x0000000089d00000)
 Metaspace       used 18555K, capacity 18854K, committed 19072K, reserved 1067008K
  class space    used 2322K, capacity 2417K, committed 2432K, reserved 1048576K
Event: 6.327 GC heap after
Heap after GC invocations=2 (full 0):
 PSYoungGen      total 36864K, used 5104K [0x00000000d6e00000, 0x00000000db600000, 0x0000000100000000)
  eden space 31744K, 0% used [0x00000000d6e00000,0x00000000d6e00000,0x00000000d8d00000)
  from space 5120K, 99% used [0x00000000db100000,0x00000000db5fc3c0,0x00000000db600000)
  to   space 5120K, 0% used [0x00000000d8d00000,0x00000000d8d00000,0x00000000d9200000)
 ParOldGen       total 84992K, used 30884K [0x0000000084a00000, 0x0000000089d00000, 0x00000000d6e00000)
  object space 84992K, 36% used [0x0000000084a00000,0x0000000086829350,0x0000000089d00000)
 Metaspace       used 18555K, capacity 18854K, committed 19072K, reserved 1067008K
  class space    used 2322K, capacity 2417K, committed 2432K, reserved 1048576K
}
Event: 15.567 GC heap before
{Heap before GC invocations=3 (full 0):
 PSYoungGen      total 36864K, used 23952K [0x00000000d6e00000, 0x00000000db600000, 0x0000000100000000)
  eden space 31744K, 59% used [0x00000000d6e00000,0x00000000d8068028,0x00000000d8d00000)
  from space 5120K, 99% used [0x00000000db100000,0x00000000db5fc3c0,0x00000000db600000)
  to   space 5120K, 0% used [0x00000000d8d00000,0x00000000d8d00000,0x00000000d9200000)
 ParOldGen       total 84992K, used 30884K [0x0000000084a00000, 0x0000000089d00000, 0x00000000d6e00000)
  object space 84992K, 36% used [0x0000000084a00000,0x0000000086829350,0x0000000089d00000)
 Metaspace       used 20771K, capacity 20968K, committed 21248K, reserved 1067008K
  class space    used 2648K, capacity 2718K, committed 2816K, reserved 1048576K
Event: 15.580 GC heap after
Heap after GC invocations=3 (full 0):
 PSYoungGen      total 36864K, used 5104K [0x00000000d6e00000, 0x00000000db180000, 0x0000000100000000)
  eden space 31744K, 0% used [0x00000000d6e00000,0x00000000d6e00000,0x00000000d8d00000)
  from space 5120K, 99% used [0x00000000d8d00000,0x00000000d91fc3b0,0x00000000d9200000)
  to   space 5120K, 0% used [0x00000000dac80000,0x00000000dac80000,0x00000000db180000)
 ParOldGen       total 84992K, used 54542K [0x0000000084a00000, 0x0000000089d00000, 0x00000000d6e00000)
  object space 84992K, 64% used [0x0000000084a00000,0x0000000087f43830,0x0000000089d00000)
 Metaspace       used 20771K, capacity 20968K, committed 21248K, reserved 1067008K
  class space    used 2648K, capacity 2718K, committed 2816K, reserved 1048576K
}
Event: 15.580 GC heap before
{Heap before GC invocations=4 (full 1):
 PSYoungGen      total 36864K, used 5104K [0x00000000d6e00000, 0x00000000db180000, 0x0000000100000000)
  eden space 31744K, 0% used [0x00000000d6e00000,0x00000000d6e00000,0x00000000d8d00000)
  from space 5120K, 99% used [0x00000000d8d00000,0x00000000d91fc3b0,0x00000000d9200000)
  to   space 5120K, 0% used [0x00000000dac80000,0x00000000dac80000,0x00000000db180000)
 ParOldGen       total 84992K, used 54542K [0x0000000084a00000, 0x0000000089d00000, 0x00000000d6e00000)
  object space 84992K, 64% used [0x0000000084a00000,0x0000000087f43830,0x0000000089d00000)
 Metaspace       used 20771K, capacity 20968K, committed 21248K, reserved 1067008K
  class space    used 2648K, capacity 2718K, committed 2816K, reserved 1048576K
Event: 15.619 GC heap after
Heap after GC invocations=4 (full 1):
 PSYoungGen      total 36864K, used 0K [0x00000000d6e00000, 0x00000000db180000, 0x0000000100000000)
  eden space 31744K, 0% used [0x00000000d6e00000,0x00000000d6e00000,0x00000000d8d00000)
  from space 5120K, 0% used [0x00000000d8d00000,0x00000000d8d00000,0x00000000d9200000)
  to   space 5120K, 0% used [0x00000000dac80000,0x00000000dac80000,0x00000000db180000)
 ParOldGen       total 86528K, used 21887K [0x0000000084a00000, 0x0000000089e80000, 0x00000000d6e00000)
  object space 86528K, 25% used [0x0000000084a00000,0x0000000085f5fcb8,0x0000000089e80000)
 Metaspace       used 20771K, capacity 20968K, committed 21248K, reserved 1067008K
  class space    used 2648K, capacity 2718K, committed 2816K, reserved 1048576K
}
Event: 16.110 GC heap before
{Heap before GC invocations=5 (full 1):
 PSYoungGen      total 36864K, used 31744K [0x00000000d6e00000, 0x00000000db180000, 0x0000000100000000)
  eden space 31744K, 100% used [0x00000000d6e00000,0x00000000d8d00000,0x00000000d8d00000)
  from space 5120K, 0% used [0x00000000d8d00000,0x00000000d8d00000,0x00000000d9200000)
  to   space 5120K, 0% used [0x00000000dac80000,0x00000000dac80000,0x00000000db180000)
 ParOldGen       total 86528K, used 21887K [0x0000000084a00000, 0x0000000089e80000, 0x00000000d6e00000)
  object space 86528K, 25% used [0x0000000084a00000,0x0000000085f5fcb8,0x0000000089e80000)
 Metaspace       used 24353K, capacity 24770K, committed 24832K, reserved 1071104K
  class space    used 3158K, capacity 3280K, committed 3328K, reserved 1048576K
Event: 16.114 GC heap after
Heap after GC invocations=5 (full 1):
 PSYoungGen      total 35328K, used 3427K [0x00000000d6e00000, 0x00000000db000000, 0x0000000100000000)
  eden space 31744K, 0% used [0x00000000d6e00000,0x00000000d6e00000,0x00000000d8d00000)
  from space 3584K, 95% used [0x00000000dac80000,0x00000000dafd8ef0,0x00000000db000000)
  to   space 5120K, 0% used [0x00000000da600000,0x00000000da600000,0x00000000dab00000)
 ParOldGen       total 86528K, used 21895K [0x0000000084a00000, 0x0000000089e80000, 0x00000000d6e00000)
  object space 86528K, 25% used [0x0000000084a00000,0x0000000085f61cb8,0x0000000089e80000)
 Metaspace       used 24353K, capacity 24770K, committed 24832K, reserved 1071104K
  class space    used 3158K, capacity 3280K, committed 3328K, reserved 1048576K
}

